<?xml version="1.0" encoding="UTF-8"?>
<testng-results skipped="0" failed="0" total="2" passed="2">
  <reporter-output>
  </reporter-output>
  <suite name="Default suite" duration-ms="18772" started-at="2017-12-28T03:23:16Z" finished-at="2017-12-28T03:23:35Z">
    <groups>
    </groups>
    <test name="Default test" duration-ms="18772" started-at="2017-12-28T03:23:16Z" finished-at="2017-12-28T03:23:35Z">
      <class name="testcases.login.TestHomePage">
        <test-method status="PASS" signature="inialize()[pri:0, instance:testcases.login.TestHomePage@5d5eef3d]" name="inialize" is-config="true" duration-ms="9722" started-at="2017-12-28T11:23:16Z" finished-at="2017-12-28T11:23:26Z">
          <reporter-output>
          </reporter-output>
        </test-method> <!-- inialize -->
        <test-method status="PASS" signature="login()[pri:0, instance:testcases.login.TestHomePage@5d5eef3d]" name="login" duration-ms="2987" started-at="2017-12-28T11:23:26Z" finished-at="2017-12-28T11:23:29Z">
          <reporter-output>
          </reporter-output>
        </test-method> <!-- login -->
        <test-method status="PASS" signature="home()[pri:0, instance:testcases.login.TestHomePage@5d5eef3d]" name="home" duration-ms="4286" started-at="2017-12-28T11:23:29Z" depends-on-methods="testcases.login.TestHomePage.login" finished-at="2017-12-28T11:23:33Z">
          <reporter-output>
          </reporter-output>
        </test-method> <!-- home -->
        <test-method status="PASS" signature="releaseBrowser()[pri:0, instance:testcases.login.TestHomePage@5d5eef3d]" name="releaseBrowser" is-config="true" duration-ms="1727" started-at="2017-12-28T11:23:33Z" finished-at="2017-12-28T11:23:35Z">
          <reporter-output>
          </reporter-output>
        </test-method> <!-- releaseBrowser -->
      </class> <!-- testcases.login.TestHomePage -->
    </test> <!-- Default test -->
  </suite> <!-- Default suite -->
</testng-results>
